
[SUCCESS] Generated static files in "build".
[INFO] Use `npm run serve` command to test your build locally.
Using Python 3.12 from pyproject.toml
Creating virtual environment at "/vercel/path1/.vercel/python/.venv"...
Using uv at "/usr/local/bin/uv"
Installing required dependencies from pyproject.toml...
Build Completed in /vercel/output [23s]
Deploying outputs...
Deployment completed
Creating build cache...
Created build cache: 26.664s
Uploading build cache [109.46 MB]
Build cache uploaded: 1.388s


Process SpawnProcess-1:
Traceback (most recent call last):
  File "C:\Users\DENZEN COMPUTER\AppData\Local\Programs\Python\Python312\Lib\multiprocessing\process.py", line 314, in _bootstrap
    self.run()
  File "C:\Users\DENZEN COMPUTER\AppData\Local\Programs\Python\Python312\Lib\multiprocessing\process.py", line 108, in run
    self._target(*self._args, **self._kwargs)
  File "C:\Users\DENZEN COMPUTER\AppData\Local\Programs\Python\Python312\Lib\site-packages\uvicorn\_subprocess.py", line 80, in subprocess_started
    target(sockets=sockets)
  File "C:\Users\DENZEN COMPUTER\AppData\Local\Programs\Python\Python312\Lib\site-packages\uvicorn\server.py", line 67, 
in run
    return asyncio_run(self.serve(sockets=sockets), loop_factory=self.config.get_loop_factory())
           ^^^^^^^^^^^^^^^^^^^^^^^^^^^^^^^^^^^^^^^^^^^^^^^^^^^^^^^^^^^^^^^^^^^^^^^^^^^^^^^^^^^^^
  File "C:\Users\DENZEN COMPUTER\AppData\Local\Programs\Python\Python312\Lib\asyncio\runners.py", line 194, in run      
    return runner.run(main)
           ^^^^^^^^^^^^^^^^
  File "C:\Users\DENZEN COMPUTER\AppData\Local\Programs\Python\Python312\Lib\asyncio\runners.py", line 118, in run      
    return self._loop.run_until_complete(task)
           ^^^^^^^^^^^^^^^^^^^^^^^^^^^^^^^^^^^
  File "C:\Users\DENZEN COMPUTER\AppData\Local\Programs\Python\Python312\Lib\asyncio\base_events.py", line 664, in run_until_complete
    return future.result()
           ^^^^^^^^^^^^^^^
  File "C:\Users\DENZEN COMPUTER\AppData\Local\Programs\Python\Python312\Lib\site-packages\uvicorn\server.py", line 71, 
in serve
    await self._serve(sockets)
  File "C:\Users\DENZEN COMPUTER\AppData\Local\Programs\Python\Python312\Lib\site-packages\uvicorn\server.py", line 78, 
in _serve
    config.load()
  File "C:\Users\DENZEN COMPUTER\AppData\Local\Programs\Python\Python312\Lib\site-packages\uvicorn\config.py", line 439, in load
    self.loaded_app = import_from_string(self.app)
                      ^^^^^^^^^^^^^^^^^^^^^^^^^^^^
  File "C:\Users\DENZEN COMPUTER\AppData\Local\Programs\Python\Python312\Lib\site-packages\uvicorn\importer.py", line 19, in import_from_string
    module = importlib.import_module(module_str)
             ^^^^^^^^^^^^^^^^^^^^^^^^^^^^^^^^^^^
  File "C:\Users\DENZEN COMPUTER\AppData\Local\Programs\Python\Python312\Lib\importlib\__init__.py", line 90, in import_module
    return _bootstrap._gcd_import(name[level:], package, level)
           ^^^^^^^^^^^^^^^^^^^^^^^^^^^^^^^^^^^^^^^^^^^^^^^^^^^^
  File "<frozen importlib._bootstrap>", line 1381, in _gcd_import
  File "<frozen importlib._bootstrap>", line 1354, in _find_and_load
  File "<frozen importlib._bootstrap>", line 1325, in _find_and_load_unlocked
  File "<frozen importlib._bootstrap>", line 929, in _load_unlocked
  File "<frozen importlib._bootstrap_external>", line 994, in exec_module
  File "<frozen importlib._bootstrap>", line 488, in _call_with_frames_removed
  File "C:\Users\DENZEN COMPUTER\Desktop\again_hackthone_project\backend\app.py", line 12, in <module>
    from rag_service import RAGService
  File "C:\Users\DENZEN COMPUTER\Desktop\again_hackthone_project\backend\rag_service.py", line 19, in <module>
    from .qdrant_compat import safe_qdrant_search
ImportError: attempted relative import with no known parent package
INFO:httpx:HTTP Request: POST https://2191c542-05e3-4a30-8959-c707222a88f8.europe-west3-0.gcp.cloud.qdrant.io:6333/collections/document_embeddings/points/search "HTTP/1.1 200 OK"
INFO:qdrant_compat:search() returned 5 results
INFO:rag_service:Retrieved 4 documents from 'document_embeddings'
ERROR:rag_service:Error processing query: 404 models/gemini-1.5-flash is not found for API version v1beta, or is not supported for generateContent. Call ListModels to see the list of available models and their supported methods.
ERROR:rag_service:Traceback:
Traceback (most recent call last):
  File "C:\Users\DENZEN COMPUTER\Desktop\again_hackthone_project\backend\rag_service.py", line 345, in query
    answer = self._generate_response(prompt)
             ^^^^^^^^^^^^^^^^^^^^^^^^^^^^^^^
  File "C:\Users\DENZEN COMPUTER\Desktop\again_hackthone_project\backend\rag_service.py", line 274, in _generate_response
    response = self.gemini_model.generate_content(prompt)
               ^^^^^^^^^^^^^^^^^^^^^^^^^^^^^^^^^^^^^^^^^^
  File "C:\Users\DENZEN COMPUTER\AppData\Local\Programs\Python\Python312\Lib\site-packages\google\generativeai\generative_models.py", line 232, in generate_content
    response = self._client.generate_content(
               ^^^^^^^^^^^^^^^^^^^^^^^^^^^^^^
  File "C:\Users\DENZEN COMPUTER\AppData\Local\Programs\Python\Python312\Lib\site-packages\google\ai\generativelanguage_v1beta\services\generative_service\client.py", line 566, in generate_content
    response = rpc(
               ^^^^
  File "C:\Users\DENZEN COMPUTER\AppData\Local\Programs\Python\Python312\Lib\site-packages\google\api_core\gapic_v1\method.py", line 131, in __call__
    return wrapped_func(*args, **kwargs)
           ^^^^^^^^^^^^^^^^^^^^^^^^^^^^^
  File "C:\Users\DENZEN COMPUTER\AppData\Local\Programs\Python\Python312\Lib\site-packages\google\api_core\retry\retry_unary.py", line 294, in retry_wrapped_func
    return retry_target(
           ^^^^^^^^^^^^^
  File "C:\Users\DENZEN COMPUTER\AppData\Local\Programs\Python\Python312\Lib\site-packages\google\api_core\retry\retry_unary.py", line 156, in retry_target
    next_sleep = _retry_error_helper(
                 ^^^^^^^^^^^^^^^^^^^^
  File "C:\Users\DENZEN COMPUTER\AppData\Local\Programs\Python\Python312\Lib\site-packages\google\api_core\retry\retry_base.py", line 214, in _retry_error_helper
    raise final_exc from source_exc
  File "C:\Users\DENZEN COMPUTER\AppData\Local\Programs\Python\Python312\Lib\site-packages\google\api_core\retry\retry_unary.py", line 147, in retry_target
    result = target()
             ^^^^^^^^
  File "C:\Users\DENZEN COMPUTER\AppData\Local\Programs\Python\Python312\Lib\site-packages\google\api_core\timeout.py", 
line 130, in func_with_timeout
    return func(*args, **kwargs)
           ^^^^^^^^^^^^^^^^^^^^^
  File "C:\Users\DENZEN COMPUTER\AppData\Local\Programs\Python\Python312\Lib\site-packages\google\api_core\grpc_helpers.py", line 77, in error_remapped_callable
    raise exceptions.from_grpc_error(exc) from exc
google.api_core.exceptions.NotFound: 404 models/gemini-1.5-flash is not found for API version v1beta, or is not supported for generateContent. Call ListModels to see the list of available models and their supported methods.

INFO:     127.0.0.1:63743 - "POST /chat HTTP/1.1" 200 OK



